{
  message: 'Database is connected successfully',
  level: 'info',
  label: 'Prog error',
  timestamp: '2023-06-07T03:05:09.429Z'
}
{
  message: 'Example app listening on port 5000',
  level: 'info',
  label: 'Prog error',
  timestamp: '2023-06-07T03:05:09.436Z'
}
{
  message: 'Database is connected successfully',
  level: 'info',
  label: 'Prog error',
  timestamp: '2023-06-07T03:07:29.104Z'
}
{
  message: 'Example app listening on port 5000',
  level: 'info',
  label: 'Prog error',
  timestamp: '2023-06-07T03:07:29.109Z'
}
{
  message: 'Database is connected successfully',
  level: 'info',
  label: 'Prog error',
  timestamp: '2023-06-07T03:07:34.194Z'
}
{
  message: 'Example app listening on port 5000',
  level: 'info',
  label: 'Prog error',
  timestamp: '2023-06-07T03:07:34.207Z'
}
Wed Jun 07 2023  9: 14: 22 [Prog error] info: Database is connected successfully
Wed Jun 07 2023  9: 14: 22 [Prog error] info: Example app listening on port 5000
Wed Jun 07 2023  9: 14: 37 [Prog error] info: Database is connected successfully
Wed Jun 07 2023  9: 14: 37 [Prog error] info: Example app listening on port 5000
Wed Jun 07 2023  9: 15: 25 [Prog error] info: Database is connected successfully
Wed Jun 07 2023  9: 15: 25 [Prog error] info: Example app listening on port 5000
